<?xml version="1.0" encoding="UTF-8"?>
<!-- Generated by org.testng.reporters.JUnitReportReporter -->
<testsuite hostname="DESKTOP-FL7DDNT" failures="0" tests="3" name="AllTestNGPack.dependsOnMethod" time="0.040" errors="0" timestamp="2024-11-08T12:12:51 IST" skipped="0">
  <testcase classname="AllTestNGPack.dependsOnMethod" name="signIn" time="0.008"/>
  <testcase classname="AllTestNGPack.dependsOnMethod" name="logOut" time="0.005"/>
  <testcase classname="AllTestNGPack.dependsOnMethod" name="openBrowser" time="0.027"/>
</testsuite> <!-- AllTestNGPack.dependsOnMethod -->
