<?xml version="1.0" encoding="UTF-8"?>
<!-- Generated by org.testng.reporters.JUnitReportReporter -->
<testsuite hostname="DESKTOP-FL7DDNT" failures="0" tests="1" name="AllTestNGPack.groups" time="0.111" errors="0" timestamp="2024-11-11T13:55:26 IST" skipped="0">
  <testcase classname="AllTestNGPack.groups" name="regressionTest1" time="0.111"/>
</testsuite> <!-- AllTestNGPack.groups -->
