<?xml version="1.0" encoding="UTF-8"?>
<!-- Generated by org.testng.reporters.JUnitReportReporter -->
<testsuite hostname="DESKTOP-FL7DDNT" failures="0" tests="7" name="AllTestNGPack.sampler1" time="0.080" errors="0" timestamp="2024-11-08T12:05:53 IST" skipped="2">
  <testcase classname="AllTestNGPack.sampler1" name="abcd" time="0.043"/>
  <testcase classname="AllTestNGPack.sampler1" name="abce" time="0.009"/>
  <testcase classname="AllTestNGPack.sampler1" name="apple" time="0.007"/>
  <testcase classname="AllTestNGPack.sampler1" name="ball" time="0.008"/>
  <testcase classname="AllTestNGPack.sampler1" name="four" time="0.013"/>
  <testcase classname="AllTestNGPack.sampler1" name="one">
    <skipped/>
  </testcase> <!-- one -->
  <testcase classname="AllTestNGPack.sampler1" name="two">
    <skipped/>
  </testcase> <!-- two -->
</testsuite> <!-- AllTestNGPack.sampler1 -->
