<?xml version="1.0" encoding="UTF-8"?>
<!-- Generated by org.testng.reporters.JUnitReportReporter -->
<testsuite hostname="DESKTOP-FL7DDNT" failures="0" tests="2" name="AllTestNGPack.allAnnotationsInOne" time="0.121" errors="0" timestamp="2024-11-08T13:03:05 IST" skipped="0">
  <testcase classname="AllTestNGPack.allAnnotationsInOne" name="test2" time="0.010"/>
  <testcase classname="AllTestNGPack.allAnnotationsInOne" name="test1" time="0.111"/>
</testsuite> <!-- AllTestNGPack.allAnnotationsInOne -->
