<?xml version="1.0" encoding="UTF-8"?>
<!-- Generated by org.testng.reporters.JUnitReportReporter -->
<testsuite hostname="DESKTOP-FL7DDNT" failures="0" tests="7" name="AllTestNGPack.testcasePriority" time="0.036" errors="0" timestamp="2024-11-08T12:12:51 IST" skipped="2">
  <testcase classname="AllTestNGPack.testcasePriority" name="abcd" time="0.006"/>
  <testcase classname="AllTestNGPack.testcasePriority" name="abce" time="0.009"/>
  <testcase classname="AllTestNGPack.testcasePriority" name="ball" time="0.007"/>
  <testcase classname="AllTestNGPack.testcasePriority" name="apple" time="0.008"/>
  <testcase classname="AllTestNGPack.testcasePriority" name="four" time="0.006"/>
  <testcase classname="AllTestNGPack.testcasePriority" name="one">
    <skipped/>
  </testcase> <!-- one -->
  <testcase classname="AllTestNGPack.testcasePriority" name="two">
    <skipped/>
  </testcase> <!-- two -->
</testsuite> <!-- AllTestNGPack.testcasePriority -->
