<?xml version="1.0" encoding="UTF-8"?>
<!-- Generated by org.testng.reporters.JUnitReportReporter -->
<testsuite hostname="DESKTOP-FL7DDNT" failures="0" tests="1" name="AllTestNGPack.suiteParameterExample" time="0.105" errors="0" timestamp="2024-11-08T13:26:07 IST" skipped="0">
  <testcase classname="AllTestNGPack.suiteParameterExample" name="testMethod" time="0.105"/>
</testsuite> <!-- AllTestNGPack.suiteParameterExample -->
